<?xml version="1.0" encoding="UTF-8"?>
<coverage generated="1725013623237" clover="3.2.0">
  <project timestamp="1725013623237" name="All files">
    <metrics statements="3" coveredstatements="0" conditionals="0" coveredconditionals="0" methods="1" coveredmethods="0" elements="4" coveredelements="0" complexity="0" loc="3" ncloc="3" packages="1" files="1" classes="1"/>
    <file name="babel.config.js" path="/Users/sabilps/Documents/Learn/ReactNativeLearn/PokemonAppCognith/babel.config.js">
      <metrics statements="3" coveredstatements="0" conditionals="0" coveredconditionals="0" methods="1" coveredmethods="0"/>
      <line num="1" count="0" type="stmt"/>
      <line num="2" count="0" type="stmt"/>
      <line num="3" count="0" type="stmt"/>
    </file>
  </project>
</coverage>
