{"/Users/sabilps/Documents/Learn/ReactNativeLearn/PokemonAppCognith/src/pages/DetailsScreen/ComponentController.tsx": {"path":"/Users/sabilps/Documents/Learn/ReactNativeLearn/PokemonAppCognith/src/pages/DetailsScreen/ComponentController.tsx","statementMap":{"0":{"start":{"line":1,"column":0},"end":{"line":1,"column":34}},"1":{"start":{"line":4,"column":0},"end":{"line":4,"column":55}},"2":{"start":{"line":13,"column":0},"end":{"line":13,"column":57}},"3":{"start":{"line":13,"column":34},"end":{"line":13,"column":43}},"4":{"start":{"line":15,"column":4},"end":{"line":15,"column":null}},"5":{"start":{"line":27,"column":2},"end":{"line":36,"column":4}},"6":{"start":{"line":27,"column":41},"end":{"line":36,"column":4}},"7":{"start":{"line":29,"column":19},"end":{"line":29,"column":null}},"8":{"start":{"line":29,"column":12},"end":{"line":29,"column":null}},"9":{"start":{"line":30,"column":6},"end":{"line":30,"column":39}},"10":{"start":{"line":32,"column":6},"end":{"line":32,"column":62}},"11":{"start":{"line":34,"column":6},"end":{"line":34,"column":40}},"12":{"start":{"line":16,"column":4},"end":{"line":19,"column":6}},"13":{"start":{"line":22,"column":8},"end":{"line":25,"column":null}},"14":{"start":{"line":23,"column":12},"end":{"line":23,"column":19}},"15":{"start":{"line":24,"column":4},"end":{"line":24,"column":39}},"16":{"start":{"line":37,"column":0},"end":{"line":37,"column":null}},"17":{"start":{"line":39,"column":0},"end":{"line":39,"column":35}}},"fnMap":{"0":{"name":"(anonymous_19)","decl":{"start":{"line":13,"column":0},"end":{"line":13,"column":34}},"loc":{"start":{"line":13,"column":0},"end":{"line":37,"column":null}}},"1":{"name":"ComponentController","decl":{"start":{"line":14,"column":2},"end":{"line":14,"column":14}},"loc":{"start":{"line":14,"column":26},"end":{"line":20,"column":3}}},"2":{"name":"(anonymous_21)","decl":{"start":{"line":27,"column":24},"end":{"line":27,"column":31}},"loc":{"start":{"line":27,"column":41},"end":{"line":36,"column":4}}},"3":{"name":"(anonymous_22)","decl":{"start":{"line":27,"column":41},"end":{"line":27,"column":null}},"loc":{"start":{"line":27,"column":41},"end":{"line":36,"column":4}}},"4":{"name":"(anonymous_24)","decl":{"start":{"line":22,"column":2},"end":{"line":22,"column":8}},"loc":{"start":{"line":22,"column":2},"end":{"line":25,"column":null}}}},"branchMap":{"0":{"loc":{"start":{"line":15,"column":4},"end":{"line":15,"column":16}},"type":"binary-expr","locations":[{"start":{"line":15,"column":4},"end":{"line":15,"column":16}},{"start":{"line":15,"column":16},"end":{"line":15,"column":null}}]}},"s":{"0":0,"1":0,"2":0,"3":0,"4":0,"5":0,"6":0,"7":0,"8":0,"9":0,"10":0,"11":0,"12":0,"13":0,"14":0,"15":0,"16":0,"17":0},"f":{"0":0,"1":0,"2":0,"3":0,"4":0},"b":{"0":[0,0]}}
,"/Users/sabilps/Documents/Learn/ReactNativeLearn/PokemonAppCognith/src/pages/DetailsScreen/ComponentView.tsx": {"path":"/Users/sabilps/Documents/Learn/ReactNativeLearn/PokemonAppCognith/src/pages/DetailsScreen/ComponentView.tsx","statementMap":{"0":{"start":{"line":1,"column":0},"end":{"line":1,"column":null}},"1":{"start":{"line":9,"column":0},"end":{"line":9,"column":60}},"2":{"start":{"line":11,"column":0},"end":{"line":11,"column":null}},"3":{"start":{"line":11,"column":28},"end":{"line":11,"column":51}},"4":{"start":{"line":13,"column":2},"end":{"line":80,"column":null}},"5":{"start":{"line":14,"column":33},"end":{"line":14,"column":43}},"6":{"start":{"line":14,"column":19},"end":{"line":14,"column":21}},"7":{"start":{"line":14,"column":28},"end":{"line":14,"column":33}},"8":{"start":{"line":15,"column":25},"end":{"line":15,"column":48}},"9":{"start":{"line":15,"column":14},"end":{"line":15,"column":16}},"10":{"start":{"line":15,"column":20},"end":{"line":15,"column":25}},"11":{"start":{"line":17,"column":4},"end":{"line":23,"column":null}},"12":{"start":{"line":18,"column":6},"end":{"line":22,"column":8}},"13":{"start":{"line":25,"column":24},"end":{"line":25,"column":54}},"14":{"start":{"line":27,"column":4},"end":{"line":79,"column":6}},"15":{"start":{"line":47,"column":60},"end":{"line":51,"column":null}},"16":{"start":{"line":58,"column":72},"end":{"line":62,"column":16}},"17":{"start":{"line":67,"column":71},"end":{"line":74,"column":null}},"18":{"start":{"line":81,"column":0},"end":{"line":81,"column":null}},"19":{"start":{"line":83,"column":0},"end":{"line":83,"column":29}},"20":{"start":{"line":85,"column":20},"end":{"line":85,"column":50}},"21":{"start":{"line":87,"column":13},"end":{"line":182,"column":3}}},"fnMap":{"0":{"name":"(anonymous_9)","decl":{"start":{"line":11,"column":0},"end":{"line":11,"column":28}},"loc":{"start":{"line":11,"column":0},"end":{"line":81,"column":null}}},"1":{"name":"(anonymous_11)","decl":{"start":{"line":13,"column":2},"end":{"line":13,"column":8}},"loc":{"start":{"line":13,"column":2},"end":{"line":80,"column":3}}},"2":{"name":"(anonymous_12)","decl":{"start":{"line":47,"column":16},"end":{"line":47,"column":17}},"loc":{"start":{"line":47,"column":55},"end":{"line":47,"column":null}}},"3":{"name":"(anonymous_13)","decl":{"start":{"line":58,"column":34},"end":{"line":58,"column":35}},"loc":{"start":{"line":58,"column":67},"end":{"line":58,"column":null}}},"4":{"name":"(anonymous_14)","decl":{"start":{"line":67,"column":14},"end":{"line":67,"column":15}},"loc":{"start":{"line":67,"column":66},"end":{"line":67,"column":null}}}},"branchMap":{"0":{"loc":{"start":{"line":17,"column":4},"end":{"line":23,"column":null}},"type":"if","locations":[{"start":{"line":17,"column":4},"end":{"line":23,"column":null}},{"start":{"line":17,"column":4},"end":{"line":23,"column":null}}]},"1":{"loc":{"start":{"line":30,"column":32},"end":{"line":30,"column":34}},"type":"cond-expr","locations":[{"start":{"line":30,"column":32},"end":{"line":30,"column":34}},{"start":{"line":30,"column":25},"end":{"line":30,"column":55}}]},"2":{"loc":{"start":{"line":30,"column":25},"end":{"line":30,"column":34}},"type":"binary-expr","locations":[{"start":{"line":30,"column":25},"end":{"line":30,"column":34}},{"start":{"line":30,"column":25},"end":{"line":30,"column":34}}]},"3":{"loc":{"start":{"line":39,"column":20},"end":{"line":39,"column":22}},"type":"cond-expr","locations":[{"start":{"line":39,"column":20},"end":{"line":39,"column":22}},{"start":{"line":39,"column":13},"end":{"line":39,"column":50}}]},"4":{"loc":{"start":{"line":39,"column":13},"end":{"line":39,"column":22}},"type":"binary-expr","locations":[{"start":{"line":39,"column":13},"end":{"line":39,"column":22}},{"start":{"line":39,"column":13},"end":{"line":39,"column":22}}]},"5":{"loc":{"start":{"line":39,"column":60},"end":{"line":39,"column":62}},"type":"cond-expr","locations":[{"start":{"line":39,"column":60},"end":{"line":39,"column":62}},{"start":{"line":39,"column":53},"end":{"line":39,"column":75}}]},"6":{"loc":{"start":{"line":39,"column":53},"end":{"line":39,"column":62}},"type":"binary-expr","locations":[{"start":{"line":39,"column":53},"end":{"line":39,"column":62}},{"start":{"line":39,"column":53},"end":{"line":39,"column":62}}]},"7":{"loc":{"start":{"line":46,"column":22},"end":{"line":46,"column":24}},"type":"cond-expr","locations":[{"start":{"line":46,"column":22},"end":{"line":46,"column":24}},{"start":{"line":46,"column":15},"end":{"line":51,"column":null}}]},"8":{"loc":{"start":{"line":46,"column":15},"end":{"line":46,"column":24}},"type":"binary-expr","locations":[{"start":{"line":46,"column":15},"end":{"line":46,"column":24}},{"start":{"line":46,"column":15},"end":{"line":46,"column":24}}]},"9":{"loc":{"start":{"line":58,"column":22},"end":{"line":58,"column":24}},"type":"cond-expr","locations":[{"start":{"line":58,"column":22},"end":{"line":58,"column":24}},{"start":{"line":58,"column":15},"end":{"line":62,"column":16}}]},"10":{"loc":{"start":{"line":58,"column":15},"end":{"line":58,"column":24}},"type":"binary-expr","locations":[{"start":{"line":58,"column":15},"end":{"line":58,"column":24}},{"start":{"line":58,"column":15},"end":{"line":58,"column":24}}]},"11":{"loc":{"start":{"line":66,"column":20},"end":{"line":66,"column":22}},"type":"cond-expr","locations":[{"start":{"line":66,"column":20},"end":{"line":66,"column":22}},{"start":{"line":66,"column":13},"end":{"line":74,"column":null}}]},"12":{"loc":{"start":{"line":66,"column":13},"end":{"line":66,"column":22}},"type":"binary-expr","locations":[{"start":{"line":66,"column":13},"end":{"line":66,"column":22}},{"start":{"line":66,"column":13},"end":{"line":66,"column":22}}]}},"s":{"0":0,"1":0,"2":0,"3":0,"4":0,"5":0,"6":0,"7":0,"8":0,"9":0,"10":0,"11":0,"12":0,"13":0,"14":0,"15":0,"16":0,"17":0,"18":0,"19":0,"20":0,"21":0},"f":{"0":0,"1":0,"2":0,"3":0,"4":0},"b":{"0":[0,0],"1":[0,0],"2":[0,0],"3":[0,0],"4":[0,0],"5":[0,0],"6":[0,0],"7":[0,0],"8":[0,0],"9":[0,0],"10":[0,0],"11":[0,0],"12":[0,0]}}
,"/Users/sabilps/Documents/Learn/ReactNativeLearn/PokemonAppCognith/src/pages/HomeScreen/ComponentController.tsx": {"path":"/Users/sabilps/Documents/Learn/ReactNativeLearn/PokemonAppCognith/src/pages/HomeScreen/ComponentController.tsx","statementMap":{"0":{"start":{"line":1,"column":0},"end":{"line":1,"column":34}},"1":{"start":{"line":3,"column":0},"end":{"line":3,"column":34}},"2":{"start":{"line":4,"column":0},"end":{"line":4,"column":null}},"3":{"start":{"line":23,"column":0},"end":{"line":23,"column":57}},"4":{"start":{"line":23,"column":34},"end":{"line":23,"column":43}},"5":{"start":{"line":42,"column":4},"end":{"line":42,"column":null}},"6":{"start":{"line":24,"column":9},"end":{"line":39,"column":10}},"7":{"start":{"line":24,"column":52},"end":{"line":39,"column":5}},"8":{"start":{"line":25,"column":4},"end":{"line":25,"column":36}},"9":{"start":{"line":27,"column":8},"end":{"line":27,"column":12}},"10":{"start":{"line":28,"column":6},"end":{"line":28,"column":49}},"11":{"start":{"line":29,"column":6},"end":{"line":29,"column":33}},"12":{"start":{"line":31,"column":12},"end":{"line":31,"column":67}},"13":{"start":{"line":32,"column":12},"end":{"line":32,"column":66}},"14":{"start":{"line":33,"column":10},"end":{"line":33,"column":19}},"15":{"start":{"line":34,"column":8},"end":{"line":34,"column":64}},"16":{"start":{"line":36,"column":8},"end":{"line":36,"column":34}},"17":{"start":{"line":65,"column":2},"end":{"line":98,"column":4}},"18":{"start":{"line":65,"column":18},"end":{"line":98,"column":4}},"19":{"start":{"line":66,"column":4},"end":{"line":66,"column":37}},"20":{"start":{"line":68,"column":19},"end":{"line":68,"column":null}},"21":{"start":{"line":68,"column":12},"end":{"line":68,"column":null}},"22":{"start":{"line":69,"column":12},"end":{"line":80,"column":8}},"23":{"start":{"line":70,"column":53},"end":{"line":79,"column":null}},"24":{"start":{"line":71,"column":16},"end":{"line":71,"column":69}},"25":{"start":{"line":72,"column":42},"end":{"line":72,"column":null}},"26":{"start":{"line":72,"column":16},"end":{"line":72,"column":null}},"27":{"start":{"line":73,"column":10},"end":{"line":78,"column":12}},"28":{"start":{"line":82,"column":42},"end":{"line":84,"column":null}},"29":{"start":{"line":82,"column":12},"end":{"line":84,"column":null}},"30":{"start":{"line":86,"column":6},"end":{"line":92,"column":9}},"31":{"start":{"line":87,"column":27},"end":{"line":87,"column":53}},"32":{"start":{"line":88,"column":8},"end":{"line":90,"column":10}},"33":{"start":{"line":89,"column":10},"end":{"line":89,"column":null}},"34":{"start":{"line":91,"column":8},"end":{"line":91,"column":61}},"35":{"start":{"line":94,"column":6},"end":{"line":94,"column":54}},"36":{"start":{"line":96,"column":6},"end":{"line":96,"column":40}},"37":{"start":{"line":100,"column":2},"end":{"line":124,"column":4}},"38":{"start":{"line":100,"column":51},"end":{"line":124,"column":4}},"39":{"start":{"line":101,"column":4},"end":{"line":101,"column":37}},"40":{"start":{"line":103,"column":19},"end":{"line":103,"column":null}},"41":{"start":{"line":103,"column":12},"end":{"line":103,"column":null}},"42":{"start":{"line":104,"column":6},"end":{"line":117,"column":null}},"43":{"start":{"line":105,"column":8},"end":{"line":114,"column":11}},"44":{"start":{"line":116,"column":8},"end":{"line":116,"column":40}},"45":{"start":{"line":119,"column":6},"end":{"line":119,"column":72}},"46":{"start":{"line":120,"column":6},"end":{"line":120,"column":38}},"47":{"start":{"line":122,"column":6},"end":{"line":122,"column":40}},"48":{"start":{"line":126,"column":2},"end":{"line":136,"column":4}},"49":{"start":{"line":127,"column":4},"end":{"line":130,"column":null}},"50":{"start":{"line":128,"column":6},"end":{"line":128,"column":46}},"51":{"start":{"line":129,"column":6},"end":{"line":129,"column":13}},"52":{"start":{"line":131,"column":26},"end":{"line":131,"column":44}},"53":{"start":{"line":132,"column":21},"end":{"line":133,"column":null}},"54":{"start":{"line":133,"column":6},"end":{"line":133,"column":null}},"55":{"start":{"line":135,"column":4},"end":{"line":135,"column":50}},"56":{"start":{"line":138,"column":2},"end":{"line":142,"column":4}},"57":{"start":{"line":139,"column":4},"end":{"line":141,"column":null}},"58":{"start":{"line":140,"column":6},"end":{"line":140,"column":72}},"59":{"start":{"line":140,"column":35},"end":{"line":140,"column":71}},"60":{"start":{"line":43,"column":4},"end":{"line":49,"column":6}},"61":{"start":{"line":52,"column":8},"end":{"line":54,"column":null}},"62":{"start":{"line":53,"column":4},"end":{"line":53,"column":31}},"63":{"start":{"line":56,"column":8},"end":{"line":63,"column":null}},"64":{"start":{"line":58,"column":6},"end":{"line":58,"column":15}},"65":{"start":{"line":61,"column":6},"end":{"line":61,"column":33}},"66":{"start":{"line":143,"column":0},"end":{"line":143,"column":null}},"67":{"start":{"line":145,"column":0},"end":{"line":145,"column":35}}},"fnMap":{"0":{"name":"(anonymous_20)","decl":{"start":{"line":23,"column":0},"end":{"line":23,"column":34}},"loc":{"start":{"line":23,"column":0},"end":{"line":143,"column":null}}},"1":{"name":"ComponentController","decl":{"start":{"line":41,"column":2},"end":{"line":41,"column":14}},"loc":{"start":{"line":41,"column":26},"end":{"line":50,"column":3}}},"2":{"name":"(anonymous_22)","decl":{"start":{"line":24,"column":33},"end":{"line":24,"column":40}},"loc":{"start":{"line":24,"column":52},"end":{"line":39,"column":5}}},"3":{"name":"(anonymous_23)","decl":{"start":{"line":24,"column":52},"end":{"line":24,"column":null}},"loc":{"start":{"line":24,"column":52},"end":{"line":39,"column":5}}},"4":{"name":"(anonymous_25)","decl":{"start":{"line":65,"column":18},"end":{"line":65,"column":null}},"loc":{"start":{"line":65,"column":18},"end":{"line":98,"column":4}}},"5":{"name":"(anonymous_28)","decl":{"start":{"line":70,"column":8},"end":{"line":70,"column":15}},"loc":{"start":{"line":70,"column":53},"end":{"line":79,"column":null}}},"6":{"name":"(anonymous_29)","decl":{"start":{"line":70,"column":53},"end":{"line":70,"column":null}},"loc":{"start":{"line":70,"column":53},"end":{"line":79,"column":null}}},"7":{"name":"(anonymous_31)","decl":{"start":{"line":86,"column":20},"end":{"line":86,"column":21}},"loc":{"start":{"line":86,"column":30},"end":{"line":92,"column":7}}},"8":{"name":"(anonymous_32)","decl":{"start":{"line":88,"column":61},"end":{"line":88,"column":62}},"loc":{"start":{"line":88,"column":69},"end":{"line":89,"column":20}}},"9":{"name":"(anonymous_33)","decl":{"start":{"line":100,"column":31},"end":{"line":100,"column":38}},"loc":{"start":{"line":100,"column":51},"end":{"line":124,"column":4}}},"10":{"name":"(anonymous_34)","decl":{"start":{"line":100,"column":51},"end":{"line":100,"column":null}},"loc":{"start":{"line":100,"column":51},"end":{"line":124,"column":4}}},"11":{"name":"(anonymous_36)","decl":{"start":{"line":126,"column":19},"end":{"line":126,"column":20}},"loc":{"start":{"line":126,"column":32},"end":{"line":136,"column":3}}},"12":{"name":"(anonymous_37)","decl":{"start":{"line":132,"column":48},"end":{"line":132,"column":49}},"loc":{"start":{"line":132,"column":56},"end":{"line":133,"column":13}}},"13":{"name":"(anonymous_38)","decl":{"start":{"line":138,"column":13},"end":{"line":138,"column":null}},"loc":{"start":{"line":138,"column":13},"end":{"line":142,"column":3}}},"14":{"name":"(anonymous_39)","decl":{"start":{"line":140,"column":20},"end":{"line":140,"column":21}},"loc":{"start":{"line":140,"column":30},"end":{"line":140,"column":36}}},"15":{"name":"(anonymous_40)","decl":{"start":{"line":52,"column":2},"end":{"line":52,"column":8}},"loc":{"start":{"line":52,"column":2},"end":{"line":54,"column":null}}},"16":{"name":"(anonymous_43)","decl":{"start":{"line":56,"column":2},"end":{"line":56,"column":8}},"loc":{"start":{"line":56,"column":61},"end":{"line":63,"column":null}}}},"branchMap":{"0":{"loc":{"start":{"line":42,"column":4},"end":{"line":42,"column":16}},"type":"binary-expr","locations":[{"start":{"line":42,"column":4},"end":{"line":42,"column":16}},{"start":{"line":42,"column":16},"end":{"line":42,"column":null}}]},"1":{"loc":{"start":{"line":27,"column":8},"end":{"line":27,"column":12}},"type":"if","locations":[{"start":{"line":27,"column":8},"end":{"line":27,"column":12}},{"start":{"line":27,"column":8},"end":{"line":27,"column":12}}]},"2":{"loc":{"start":{"line":31,"column":24},"end":{"line":31,"column":44}},"type":"binary-expr","locations":[{"start":{"line":31,"column":24},"end":{"line":31,"column":44}},{"start":{"line":31,"column":48},"end":{"line":31,"column":66}}]},"3":{"loc":{"start":{"line":32,"column":32},"end":{"line":32,"column":44}},"type":"cond-expr","locations":[{"start":{"line":32,"column":32},"end":{"line":32,"column":44}},{"start":{"line":32,"column":47},"end":{"line":32,"column":65}}]},"4":{"loc":{"start":{"line":33,"column":10},"end":{"line":33,"column":19}},"type":"if","locations":[{"start":{"line":33,"column":10},"end":{"line":33,"column":19}},{"start":{"line":33,"column":10},"end":{"line":33,"column":19}}]},"5":{"loc":{"start":{"line":104,"column":6},"end":{"line":117,"column":null}},"type":"if","locations":[{"start":{"line":104,"column":6},"end":{"line":117,"column":null}},{"start":{"line":104,"column":6},"end":{"line":117,"column":null}}]},"6":{"loc":{"start":{"line":127,"column":4},"end":{"line":130,"column":null}},"type":"if","locations":[{"start":{"line":127,"column":4},"end":{"line":130,"column":null}},{"start":{"line":127,"column":4},"end":{"line":130,"column":null}}]},"7":{"loc":{"start":{"line":139,"column":4},"end":{"line":141,"column":null}},"type":"if","locations":[{"start":{"line":139,"column":4},"end":{"line":141,"column":null}},{"start":{"line":139,"column":4},"end":{"line":141,"column":null}}]},"8":{"loc":{"start":{"line":139,"column":8},"end":{"line":139,"column":27}},"type":"binary-expr","locations":[{"start":{"line":139,"column":8},"end":{"line":139,"column":27}},{"start":{"line":139,"column":31},"end":{"line":139,"column":55}}]},"9":{"loc":{"start":{"line":53,"column":4},"end":{"line":53,"column":31}},"type":"switch","locations":[{"start":{"line":53,"column":4},"end":{"line":53,"column":31}}]},"10":{"loc":{"start":{"line":58,"column":6},"end":{"line":58,"column":15}},"type":"if","locations":[{"start":{"line":58,"column":6},"end":{"line":58,"column":15}},{"start":{"line":58,"column":6},"end":{"line":58,"column":15}}]},"11":{"loc":{"start":{"line":58,"column":6},"end":{"line":58,"column":44}},"type":"binary-expr","locations":[{"start":{"line":58,"column":6},"end":{"line":58,"column":44}},{"start":{"line":59,"column":6},"end":{"line":59,"column":44}}]}},"s":{"0":0,"1":0,"2":0,"3":0,"4":0,"5":0,"6":0,"7":0,"8":0,"9":0,"10":0,"11":0,"12":0,"13":0,"14":0,"15":0,"16":0,"17":0,"18":0,"19":0,"20":0,"21":0,"22":0,"23":0,"24":0,"25":0,"26":0,"27":0,"28":0,"29":0,"30":0,"31":0,"32":0,"33":0,"34":0,"35":0,"36":0,"37":0,"38":0,"39":0,"40":0,"41":0,"42":0,"43":0,"44":0,"45":0,"46":0,"47":0,"48":0,"49":0,"50":0,"51":0,"52":0,"53":0,"54":0,"55":0,"56":0,"57":0,"58":0,"59":0,"60":0,"61":0,"62":0,"63":0,"64":0,"65":0,"66":0,"67":0},"f":{"0":0,"1":0,"2":0,"3":0,"4":0,"5":0,"6":0,"7":0,"8":0,"9":0,"10":0,"11":0,"12":0,"13":0,"14":0,"15":0,"16":0},"b":{"0":[0,0],"1":[0,0],"2":[0,0],"3":[0,0],"4":[0,0],"5":[0,0],"6":[0,0],"7":[0,0],"8":[0,0],"9":[0],"10":[0,0],"11":[0,0]}}
,"/Users/sabilps/Documents/Learn/ReactNativeLearn/PokemonAppCognith/src/pages/HomeScreen/ComponentView.tsx": {"path":"/Users/sabilps/Documents/Learn/ReactNativeLearn/PokemonAppCognith/src/pages/HomeScreen/ComponentView.tsx","statementMap":{"0":{"start":{"line":1,"column":0},"end":{"line":1,"column":null}},"1":{"start":{"line":8,"column":0},"end":{"line":8,"column":71}},"2":{"start":{"line":9,"column":0},"end":{"line":9,"column":56}},"3":{"start":{"line":11,"column":0},"end":{"line":11,"column":null}},"4":{"start":{"line":11,"column":29},"end":{"line":11,"column":48}},"5":{"start":{"line":12,"column":2},"end":{"line":58,"column":null}},"6":{"start":{"line":13,"column":60},"end":{"line":13,"column":70}},"7":{"start":{"line":13,"column":18},"end":{"line":13,"column":20}},"8":{"start":{"line":13,"column":28},"end":{"line":13,"column":30}},"9":{"start":{"line":13,"column":46},"end":{"line":13,"column":48}},"10":{"start":{"line":13,"column":55},"end":{"line":13,"column":60}},"11":{"start":{"line":14,"column":27},"end":{"line":14,"column":38}},"12":{"start":{"line":16,"column":28},"end":{"line":16,"column":74}},"13":{"start":{"line":18,"column":4},"end":{"line":57,"column":6}},"14":{"start":{"line":41,"column":34},"end":{"line":41,"column":null}},"15":{"start":{"line":42,"column":29},"end":{"line":42,"column":31}},"16":{"start":{"line":42,"column":36},"end":{"line":51,"column":null}},"17":{"start":{"line":48,"column":16},"end":{"line":48,"column":null}},"18":{"start":{"line":59,"column":0},"end":{"line":59,"column":null}},"19":{"start":{"line":60,"column":0},"end":{"line":60,"column":30}},"20":{"start":{"line":62,"column":13},"end":{"line":75,"column":3}}},"fnMap":{"0":{"name":"(anonymous_9)","decl":{"start":{"line":11,"column":0},"end":{"line":11,"column":29}},"loc":{"start":{"line":11,"column":0},"end":{"line":59,"column":null}}},"1":{"name":"(anonymous_11)","decl":{"start":{"line":12,"column":2},"end":{"line":12,"column":8}},"loc":{"start":{"line":12,"column":2},"end":{"line":58,"column":3}}},"2":{"name":"(anonymous_12)","decl":{"start":{"line":41,"column":24},"end":{"line":41,"column":25}},"loc":{"start":{"line":41,"column":29},"end":{"line":41,"column":38}}},"3":{"name":"(anonymous_13)","decl":{"start":{"line":42,"column":22},"end":{"line":42,"column":23}},"loc":{"start":{"line":42,"column":31},"end":{"line":42,"column":null}}},"4":{"name":"(anonymous_14)","decl":{"start":{"line":47,"column":23},"end":{"line":47,"column":null}},"loc":{"start":{"line":47,"column":23},"end":{"line":48,"column":26}}}},"branchMap":{"0":{"loc":{"start":{"line":16,"column":28},"end":{"line":16,"column":50}},"type":"binary-expr","locations":[{"start":{"line":16,"column":28},"end":{"line":16,"column":50}},{"start":{"line":16,"column":54},"end":{"line":16,"column":74}}]},"1":{"loc":{"start":{"line":26,"column":9},"end":{"line":26,"column":16}},"type":"binary-expr","locations":[{"start":{"line":26,"column":9},"end":{"line":26,"column":16}},{"start":{"line":27,"column":10},"end":{"line":30,"column":null}}]},"2":{"loc":{"start":{"line":36,"column":16},"end":{"line":36,"column":24}},"type":"cond-expr","locations":[{"start":{"line":36,"column":16},"end":{"line":36,"column":24}},{"start":{"line":37,"column":16},"end":{"line":39,"column":32}}]},"3":{"loc":{"start":{"line":38,"column":16},"end":{"line":38,"column":24}},"type":"cond-expr","locations":[{"start":{"line":38,"column":16},"end":{"line":38,"column":24}},{"start":{"line":39,"column":16},"end":{"line":39,"column":32}}]}},"s":{"0":0,"1":0,"2":0,"3":0,"4":0,"5":0,"6":0,"7":0,"8":0,"9":0,"10":0,"11":0,"12":0,"13":0,"14":0,"15":0,"16":0,"17":0,"18":0,"19":0,"20":0},"f":{"0":0,"1":0,"2":0,"3":0,"4":0},"b":{"0":[0,0],"1":[0,0],"2":[0,0],"3":[0,0]}}
}
