TN:
SF:/Users/sabilps/Documents/Learn/ReactNativeLearn/PokemonAppCognith/src/pages/DetailsScreen/ComponentController.tsx
FN:13,(anonymous_19)
FN:14,ComponentController
FN:27,(anonymous_21)
FN:27,(anonymous_22)
FN:22,(anonymous_24)
FNF:5
FNH:0
FNDA:0,(anonymous_19)
FNDA:0,ComponentController
FNDA:0,(anonymous_21)
FNDA:0,(anonymous_22)
FNDA:0,(anonymous_24)
DA:1,0
DA:4,0
DA:13,0
DA:15,0
DA:16,0
DA:22,0
DA:23,0
DA:24,0
DA:27,0
DA:29,0
DA:30,0
DA:32,0
DA:34,0
DA:37,0
DA:39,0
LF:15
LH:0
BRDA:15,0,0,0
BRDA:15,0,1,0
BRF:2
BRH:0
end_of_record
TN:
SF:/Users/sabilps/Documents/Learn/ReactNativeLearn/PokemonAppCognith/src/pages/DetailsScreen/ComponentView.tsx
FN:11,(anonymous_9)
FN:13,(anonymous_11)
FN:47,(anonymous_12)
FN:58,(anonymous_13)
FN:67,(anonymous_14)
FNF:5
FNH:0
FNDA:0,(anonymous_9)
FNDA:0,(anonymous_11)
FNDA:0,(anonymous_12)
FNDA:0,(anonymous_13)
FNDA:0,(anonymous_14)
DA:1,0
DA:9,0
DA:11,0
DA:13,0
DA:14,0
DA:15,0
DA:17,0
DA:18,0
DA:25,0
DA:27,0
DA:47,0
DA:58,0
DA:67,0
DA:81,0
DA:83,0
DA:85,0
DA:87,0
LF:17
LH:0
BRDA:17,0,0,0
BRDA:17,0,1,0
BRDA:30,1,0,0
BRDA:30,1,1,0
BRDA:30,2,0,0
BRDA:30,2,1,0
BRDA:39,3,0,0
BRDA:39,3,1,0
BRDA:39,4,0,0
BRDA:39,4,1,0
BRDA:39,5,0,0
BRDA:39,5,1,0
BRDA:39,6,0,0
BRDA:39,6,1,0
BRDA:46,7,0,0
BRDA:46,7,1,0
BRDA:46,8,0,0
BRDA:46,8,1,0
BRDA:58,9,0,0
BRDA:58,9,1,0
BRDA:58,10,0,0
BRDA:58,10,1,0
BRDA:66,11,0,0
BRDA:66,11,1,0
BRDA:66,12,0,0
BRDA:66,12,1,0
BRF:26
BRH:0
end_of_record
TN:
SF:/Users/sabilps/Documents/Learn/ReactNativeLearn/PokemonAppCognith/src/pages/HomeScreen/ComponentController.tsx
FN:23,(anonymous_20)
FN:41,ComponentController
FN:24,(anonymous_22)
FN:24,(anonymous_23)
FN:65,(anonymous_25)
FN:70,(anonymous_28)
FN:70,(anonymous_29)
FN:86,(anonymous_31)
FN:88,(anonymous_32)
FN:100,(anonymous_33)
FN:100,(anonymous_34)
FN:126,(anonymous_36)
FN:132,(anonymous_37)
FN:138,(anonymous_38)
FN:140,(anonymous_39)
FN:52,(anonymous_40)
FN:56,(anonymous_43)
FNF:17
FNH:0
FNDA:0,(anonymous_20)
FNDA:0,ComponentController
FNDA:0,(anonymous_22)
FNDA:0,(anonymous_23)
FNDA:0,(anonymous_25)
FNDA:0,(anonymous_28)
FNDA:0,(anonymous_29)
FNDA:0,(anonymous_31)
FNDA:0,(anonymous_32)
FNDA:0,(anonymous_33)
FNDA:0,(anonymous_34)
FNDA:0,(anonymous_36)
FNDA:0,(anonymous_37)
FNDA:0,(anonymous_38)
FNDA:0,(anonymous_39)
FNDA:0,(anonymous_40)
FNDA:0,(anonymous_43)
DA:1,0
DA:3,0
DA:4,0
DA:23,0
DA:24,0
DA:25,0
DA:27,0
DA:28,0
DA:29,0
DA:31,0
DA:32,0
DA:33,0
DA:34,0
DA:36,0
DA:42,0
DA:43,0
DA:52,0
DA:53,0
DA:56,0
DA:58,0
DA:61,0
DA:65,0
DA:66,0
DA:68,0
DA:69,0
DA:70,0
DA:71,0
DA:72,0
DA:73,0
DA:82,0
DA:86,0
DA:87,0
DA:88,0
DA:89,0
DA:91,0
DA:94,0
DA:96,0
DA:100,0
DA:101,0
DA:103,0
DA:104,0
DA:105,0
DA:116,0
DA:119,0
DA:120,0
DA:122,0
DA:126,0
DA:127,0
DA:128,0
DA:129,0
DA:131,0
DA:132,0
DA:133,0
DA:135,0
DA:138,0
DA:139,0
DA:140,0
DA:143,0
DA:145,0
LF:59
LH:0
BRDA:42,0,0,0
BRDA:42,0,1,0
BRDA:27,1,0,0
BRDA:27,1,1,0
BRDA:31,2,0,0
BRDA:31,2,1,0
BRDA:32,3,0,0
BRDA:32,3,1,0
BRDA:33,4,0,0
BRDA:33,4,1,0
BRDA:104,5,0,0
BRDA:104,5,1,0
BRDA:127,6,0,0
BRDA:127,6,1,0
BRDA:139,7,0,0
BRDA:139,7,1,0
BRDA:139,8,0,0
BRDA:139,8,1,0
BRDA:53,9,0,0
BRDA:58,10,0,0
BRDA:58,10,1,0
BRDA:58,11,0,0
BRDA:58,11,1,0
BRF:23
BRH:0
end_of_record
TN:
SF:/Users/sabilps/Documents/Learn/ReactNativeLearn/PokemonAppCognith/src/pages/HomeScreen/ComponentView.tsx
FN:11,(anonymous_9)
FN:12,(anonymous_11)
FN:41,(anonymous_12)
FN:42,(anonymous_13)
FN:47,(anonymous_14)
FNF:5
FNH:0
FNDA:0,(anonymous_9)
FNDA:0,(anonymous_11)
FNDA:0,(anonymous_12)
FNDA:0,(anonymous_13)
FNDA:0,(anonymous_14)
DA:1,0
DA:8,0
DA:9,0
DA:11,0
DA:12,0
DA:13,0
DA:14,0
DA:16,0
DA:18,0
DA:41,0
DA:42,0
DA:48,0
DA:59,0
DA:60,0
DA:62,0
LF:15
LH:0
BRDA:16,0,0,0
BRDA:16,0,1,0
BRDA:26,1,0,0
BRDA:26,1,1,0
BRDA:36,2,0,0
BRDA:36,2,1,0
BRDA:38,3,0,0
BRDA:38,3,1,0
BRF:8
BRH:0
end_of_record
